<?xml version="1.0" encoding="UTF-8"?>
<!-- Generated by org.testng.reporters.JUnitXMLReporter -->
<testsuite ignored="0" hostname="DESKTOP-0BETMHI" failures="0" tests="1" name="Test" time="9.035" errors="0" timestamp="2022-09-07T15:46:58 IST">
  <testcase classname="com.test.Testclass" name="@BeforeMethod verifyLoginPage" time="0.069">
    <failure type="java.io.IOException" message="Your InputStream was neither an OLE2 stream, nor an OOXML stream or you haven&amp;apos;t provide the poi-ooxml*.jar in the classpath/modulepath - FileMagic: OOXML, having providers: [org.apache.poi.hssf.usermodel.HSSFWorkbookFactory@5eb2172]">
      <![CDATA[java.io.IOException: Your InputStream was neither an OLE2 stream, nor an OOXML stream or you haven't provide the poi-ooxml*.jar in the classpath/modulepath - FileMagic: OOXML, having providers: [org.apache.poi.hssf.usermodel.HSSFWorkbookFactory@5eb2172]
at org.apache.poi.ss.usermodel.WorkbookFactory.wp(WorkbookFactory.java:334)
at org.apache.poi.ss.usermodel.WorkbookFactory.create(WorkbookFactory.java:224)
at org.apache.poi.ss.usermodel.WorkbookFactory.create(WorkbookFactory.java:185)
at com.utility.Utility.getDataFromDataSheet(Utility.java:32)
at com.test.Testclass.verifyLoginPage(Testclass.java:40)
at java.base/java.util.ArrayList.forEach(ArrayList.java:1511)
... Removed 29 stack frames]]>
    </failure>
  </testcase> <!-- @BeforeMethod verifyLoginPage -->
  <testcase classname="com.test.Testclass" name="@AfterMethod verifySignOut" time="-1.662545818676E9">
    <skipped/>
  </testcase> <!-- @AfterMethod verifySignOut -->
  <testcase classname="com.test.Testclass" name="verifyAddToCartTab" time="0.0">
    <skipped/>
  </testcase> <!-- verifyAddToCartTab -->
</testsuite> <!-- Test -->
