<?xml version="1.0" encoding="UTF-8"?>
<testng-results ignored="0" total="2" passed="2" failed="0" skipped="0">
  <reporter-output>
  </reporter-output>
  <suite started-at="2022-09-08T18:55:20 IST" name="Suite" finished-at="2022-09-08T18:55:46 IST" duration-ms="25822">
    <groups>
    </groups>
    <test started-at="2022-09-08T18:55:20 IST" name="ChromeTest" finished-at="2022-09-08T18:55:33 IST" duration-ms="12899">
      <class name="com.test.Testclass">
        <test-method is-config="true" signature="lunchBrowser(java.lang.String)[pri:0, instance:com.test.Testclass@7b9a4292]" started-at="2022-09-08T18:55:20 IST" name="lunchBrowser" finished-at="2022-09-08T18:55:26 IST" duration-ms="6300" status="PASS">
          <params>
            <param index="0">
              <value>
                <![CDATA[chrome]]>
              </value>
            </param>
          </params>
          <reporter-output>
          </reporter-output>
        </test-method> <!-- lunchBrowser -->
        <test-method is-config="true" signature="verifyLoginPage()[pri:0, instance:com.test.Testclass@7b9a4292]" started-at="2022-09-08T18:55:26 IST" name="verifyLoginPage" finished-at="2022-09-08T18:55:30 IST" duration-ms="3732" status="PASS">
          <reporter-output>
          </reporter-output>
        </test-method> <!-- verifyLoginPage -->
        <test-method signature="verifyAddToCartTab()[pri:0, instance:com.test.Testclass@7b9a4292]" started-at="2022-09-08T18:55:30 IST" name="verifyAddToCartTab" finished-at="2022-09-08T18:55:32 IST" duration-ms="2105" status="PASS">
          <reporter-output>
          </reporter-output>
        </test-method> <!-- verifyAddToCartTab -->
        <test-method is-config="true" signature="verifySignOut(org.testng.ITestResult)[pri:0, instance:com.test.Testclass@7b9a4292]" started-at="2022-09-08T18:55:32 IST" name="verifySignOut" finished-at="2022-09-08T18:55:33 IST" duration-ms="720" status="PASS">
          <params>
            <param index="0">
              <value>
                <![CDATA[[TestResult name=verifyAddToCartTab status=SUCCESS method=Testclass.verifyAddToCartTab()[pri:0, instance:com.test.Testclass@7b9a4292] output={null}]]]>
              </value>
            </param>
          </params>
          <reporter-output>
          </reporter-output>
        </test-method> <!-- verifySignOut -->
      </class> <!-- com.test.Testclass -->
    </test> <!-- ChromeTest -->
    <test started-at="2022-09-08T18:55:33 IST" name="EdgeTest" finished-at="2022-09-08T18:55:46 IST" duration-ms="12898">
      <class name="com.test.Testclass">
        <test-method is-config="true" signature="lunchBrowser(java.lang.String)[pri:0, instance:com.test.Testclass@1b7cc17c]" started-at="2022-09-08T18:55:33 IST" name="lunchBrowser" finished-at="2022-09-08T18:55:40 IST" duration-ms="7495" status="PASS">
          <params>
            <param index="0">
              <value>
                <![CDATA[edge]]>
              </value>
            </param>
          </params>
          <reporter-output>
          </reporter-output>
        </test-method> <!-- lunchBrowser -->
        <test-method is-config="true" signature="verifyLoginPage()[pri:0, instance:com.test.Testclass@1b7cc17c]" started-at="2022-09-08T18:55:40 IST" name="verifyLoginPage" finished-at="2022-09-08T18:55:43 IST" duration-ms="2556" status="PASS">
          <reporter-output>
          </reporter-output>
        </test-method> <!-- verifyLoginPage -->
        <test-method signature="verifyAddToCartTab()[pri:0, instance:com.test.Testclass@1b7cc17c]" started-at="2022-09-08T18:55:43 IST" name="verifyAddToCartTab" finished-at="2022-09-08T18:55:45 IST" duration-ms="2208" status="PASS">
          <reporter-output>
          </reporter-output>
        </test-method> <!-- verifyAddToCartTab -->
        <test-method is-config="true" signature="verifySignOut(org.testng.ITestResult)[pri:0, instance:com.test.Testclass@1b7cc17c]" started-at="2022-09-08T18:55:45 IST" name="verifySignOut" finished-at="2022-09-08T18:55:46 IST" duration-ms="630" status="PASS">
          <params>
            <param index="0">
              <value>
                <![CDATA[[TestResult name=verifyAddToCartTab status=SUCCESS method=Testclass.verifyAddToCartTab()[pri:0, instance:com.test.Testclass@1b7cc17c] output={null}]]]>
              </value>
            </param>
          </params>
          <reporter-output>
          </reporter-output>
        </test-method> <!-- verifySignOut -->
      </class> <!-- com.test.Testclass -->
    </test> <!-- EdgeTest -->
  </suite> <!-- Suite -->
</testng-results>
